[1m============================= test session starts ==============================[0m
platform linux -- Python 3.10.12, pytest-9.0.2, pluggy-1.6.0
rootdir: /home/alim/.../osint-pipeline-demo
configfile: pyproject.toml
plugins: anyio-4.13.0, asyncio-1.3.0
asyncio: mode=auto, asyncio_default_fixture_loop_scope=None
collected 30 items

tests/test_collector.py [0;32m......[0m                                            [ 20%]
tests/test_config.py [0;32m......[0m                                               [ 40%]
tests/test_normaliser.py [0;32m.......[0m                                          [ 63%]
tests/test_rate_limiter.py [0;32m.......[0m                                        [ 86%]
tests/test_storage.py [0;32m....[0m                                                [100%]

[0;32m============================== 30 passed in 2.13s ==============================[0m
